<?xml version="1.0" encoding="UTF-8"?>
<!-- Generated by org.testng.reporters.JUnitXMLReporter -->
<testsuite ignored="0" hostname="DESKTOP-J94RMLN" failures="1" tests="4" name="Surefire test" time="129.385" errors="0" timestamp="2023-06-23T17:34:13 IST">
  <testcase classname="io.cucumber.testng.AbstractTestNGCucumberTests" name="runScenario" time="12.143"/>
  <testcase classname="io.cucumber.testng.AbstractTestNGCucumberTests" name="runScenario" time="40.539"/>
  <testcase classname="io.cucumber.testng.AbstractTestNGCucumberTests" name="runScenario" time="51.013"/>
  <testcase classname="io.cucumber.testng.AbstractTestNGCucumberTests" name="runScenario" time="24.804">
    <failure type="java.lang.AssertionError" message="expected [No data] but found [Beetroot]">
      <![CDATA[java.lang.AssertionError: expected [No data] but found [Beetroot]
at StepDefinations.OfferPageStepDefinations.Validate_product_name_in_offer_page_matches_with_the_product_name_in_landing_page(OfferPageStepDefinations.java:36)
at âœ½.Validate product name in offer page matches with the product name in landing page(file:///C:/Users/user/eclipse-workspace/PMCdev/src/test/java/Feature/searchItems.feature:9)
... Removed 6 stack frames]]>
    </failure>
  </testcase> <!-- runScenario -->
</testsuite> <!-- Surefire test -->
