-------------------------------------------------------------------------------
Test set: TestSuite
-------------------------------------------------------------------------------
Tests run: 4, Failures: 1, Errors: 0, Skipped: 0, Time elapsed: 30.867 s <<< FAILURE! - in TestSuite
runScenario(PMCdev.PMCdev.TestngTestRunner)  Time elapsed: 5.182 s  <<< FAILURE!
java.lang.AssertionError: expected [No data] but found [Beetroot]

